Starting a Gradle Daemon, 2 incompatible Daemons could not be reused, use --status for details
> Task :app:preBuild UP-TO-DATE
> Task :app:preDebugBuild UP-TO-DATE
> Task :app:mergeDebugNativeDebugMetadata NO-SOURCE
> Task :app:checkKotlinGradlePluginConfigurationErrors SKIPPED
> Task :app:generateDebugBuildConfig UP-TO-DATE
> Task :app:checkDebugAarMetadata UP-TO-DATE
> Task :app:processDebugNavigationResources UP-TO-DATE
> Task :app:compileDebugNavigationResources UP-TO-DATE
> Task :app:generateDebugResValues UP-TO-DATE
> Task :app:processDebugGoogleServices UP-TO-DATE
> Task :app:mapDebugSourceSetPaths UP-TO-DATE
> Task :app:generateDebugResources UP-TO-DATE
> Task :app:mergeDebugResources UP-TO-DATE
> Task :app:packageDebugResources UP-TO-DATE
> Task :app:parseDebugLocalResources UP-TO-DATE
> Task :app:createDebugCompatibleScreenManifests UP-TO-DATE
> Task :app:extractDeepLinksDebug UP-TO-DATE
> Task :app:processDebugMainManifest
> Task :app:processDebugManifest
> Task :app:javaPreCompileDebug UP-TO-DATE
> Task :app:mergeDebugShaders UP-TO-DATE
> Task :app:compileDebugShaders NO-SOURCE
> Task :app:generateDebugAssets UP-TO-DATE
> Task :app:mergeDebugAssets UP-TO-DATE
> Task :app:compressDebugAssets UP-TO-DATE
> Task :app:desugarDebugFileDependencies UP-TO-DATE
> Task :app:checkDebugDuplicateClasses UP-TO-DATE
> Task :app:mergeExtDexDebug UP-TO-DATE
> Task :app:mergeLibDexDebug UP-TO-DATE
> Task :app:mergeDebugJniLibFolders UP-TO-DATE
> Task :app:mergeDebugNativeLibs UP-TO-DATE
> Task :app:stripDebugDebugSymbols UP-TO-DATE
> Task :app:validateSigningDebug UP-TO-DATE
> Task :app:writeDebugAppMetadata UP-TO-DATE
> Task :app:writeDebugSigningConfigVersions UP-TO-DATE
> Task :app:processDebugManifestForPackage
> Task :app:processDebugResources
> Task :app:compileDebugKotlin
> Task :app:compileDebugJavaWithJavac FAILED
.\gradlew.bat : 
所在位置 行:1 字符: 61
+ ... ks\graalvm-jdk-21.0.7"; .\gradlew.b
at :app:assembleDebug 2>&1 | Out-F ...
+                             ~~~~~~~~~~~
~~~~~~~~~~~~~~~~~~~~~~~~~~
    + CategoryInfo          : NotSpecifi 
   ed: (:String) [], RemoteException
    + FullyQualifiedErrorId : NativeComm 
   andError
 
FAILURE: Build failed with an exception.

* What went wrong:
Execution failed for task ':app:compileDe
bugJavaWithJavac'.
> Could not resolve all files for configu
ration ':app:androidJdkImage'.
   > Failed to transform core-for-system-
modules.jar to match attributes {artifact
Type=_internal_android_jdk_image, org.gra
dle.libraryelements=jar, org.gradle.usage
=java-runtime}.
      > Execution failed for JdkImageTran
sform: C:\Users\wumxi\AppData\Local\Andro
id\Sdk\platforms\android-36\core-for-syst
em-modules.jar.
         > Error while executing process 
C:\Users\wumxi\.jdks\graalvm-jdk-21.0.7\b
in\jlink.exe with arguments {--module-pat
h C:\Users\wumxi\.gradle\caches\8.13\tran
sforms\da398dd7662006854988208bdc1fbd17-f
87ab56f-cfe0-443c-935c-92b6186f0e41\trans
formed\output\temp\jmod --add-modules jav
a.base --output C:\Users\wumxi\.gradle\ca
ches\8.13\transforms\da398dd7662006854988
208bdc1fbd17-f87ab56f-cfe0-443c-935c-92b6
186f0e41\transformed\output\jdkImage --di
sable-plugin system-modules}

* Try:
> Run with --stacktrace option to get the
 stack trace.
> Run with --info or --debug option to ge
t more log output.
> Run with --scan to get full insights.
> Get more help at https://help.gradle.or
g.

BUILD FAILED in 22s
33 actionable tasks: 6 executed, 27 up-to-date
